[debug] [2025-06-29T10:48:55.347Z] ----------------------------------------------------------------------
[debug] [2025-06-29T10:48:55.356Z] Command:       C:\Program Files\nodejs\node.exe C:\Users\jai prakash yadav\AppData\Roaming\npm\node_modules\firebase-tools\lib\bin\firebase.js init
[debug] [2025-06-29T10:48:55.357Z] CLI Version:   14.9.0
[debug] [2025-06-29T10:48:55.357Z] Platform:      win32
[debug] [2025-06-29T10:48:55.357Z] Node Version:  v22.17.0
[debug] [2025-06-29T10:48:55.358Z] Time:          Sun Jun 29 2025 16:18:55 GMT+0530 (India Standard Time)
[debug] [2025-06-29T10:48:55.358Z] ----------------------------------------------------------------------
[debug] 
[debug] [2025-06-29T10:48:55.367Z] > command requires scopes: ["email","openid","https://www.googleapis.com/auth/cloudplatformprojects.readonly","https://www.googleapis.com/auth/firebase","https://www.googleapis.com/auth/cloud-platform"]
[debug] [2025-06-29T10:48:55.368Z] > authorizing via signed-in user (kartikrao05990@gmail.com)
[info] 
     ######## #### ########  ######## ########     ###     ######  ########
     ##        ##  ##     ## ##       ##     ##  ##   ##  ##       ##
     ######    ##  ########  ######   ########  #########  ######  ######
     ##        ##  ##    ##  ##       ##     ## ##     ##       ## ##
     ##       #### ##     ## ######## ########  ##     ##  ######  ########

You're about to initialize a Firebase project in this directory:

  C:\Users\jai prakash yadav\Downloads\hydroponics-dashboard-src\hydroponics-dashboard

[info] 
=== Project Setup
[info] 
[info] First, let's associate this project directory with a Firebase project.
[info] You can create multiple project aliases by running firebase use --add, 
[info] but for now we'll just set up a default project.
[info] 
[debug] [2025-06-29T10:57:25.000Z] Checked if tokens are valid: true, expires at: 1751197497516
[debug] [2025-06-29T10:57:25.002Z] Checked if tokens are valid: true, expires at: 1751197497516
[debug] [2025-06-29T10:57:25.020Z] >>> [apiv2][query] GET https://firebase.googleapis.com/v1beta1/projects pageSize=100
[debug] [2025-06-29T10:57:32.170Z] <<< [apiv2][status] GET https://firebase.googleapis.com/v1beta1/projects 200
[debug] [2025-06-29T10:57:32.170Z] <<< [apiv2][body] GET https://firebase.googleapis.com/v1beta1/projects [omitted]
[info] i  Using project smart-agri-76b26 (Smart-agri) 
[info] 
=== Hosting Setup
[debug] [2025-06-29T10:57:32.213Z] Checked if tokens are valid: true, expires at: 1751197497516
[debug] [2025-06-29T10:57:32.214Z] Checked if tokens are valid: true, expires at: 1751197497516
[debug] [2025-06-29T10:57:32.214Z] >>> [apiv2][query] GET https://firebase.googleapis.com/v1beta1/projects/smart-agri-76b26 [none]
[debug] [2025-06-29T10:57:32.571Z] <<< [apiv2][status] GET https://firebase.googleapis.com/v1beta1/projects/smart-agri-76b26 200
[debug] [2025-06-29T10:57:32.571Z] <<< [apiv2][body] GET https://firebase.googleapis.com/v1beta1/projects/smart-agri-76b26 {"projectId":"smart-agri-76b26","projectNumber":"1000331106332","displayName":"Smart-agri","name":"projects/smart-agri-76b26","resources":{"hostingSite":"smart-agri-76b26"},"state":"ACTIVE","etag":"1_eda8aa8a-6d87-466e-a1d6-eb87e472371b"}
[info] 
[info] Your public directory is the folder (relative to your project directory) that
[info] will contain Hosting assets to be uploaded with firebase deploy. If you
[info] have a build process for your assets, use your build's output directory.
[info] 
